<?xml version="1.0" encoding="UTF-8"?>
<!-- Generated by org.testng.reporters.JUnitReportReporter -->
<testsuite hostname="DESKTOP-R4CIO73" failures="0" tests="3" name="TestCases.Upload_File" time="91.369" errors="0" timestamp="2022-02-15T01:13:50 EET" skipped="0">
  <testcase classname="TestCases.Upload_File" name="Upload_File_chrome" time="12.167"/>
  <system-out/>
  <testcase classname="TestCases.Upload_File" name="Upload_File_firefox" time="57.951"/>
  <system-out/>
  <testcase classname="TestCases.Upload_File" name="Upload_File_Edge" time="21.251"/>
  <system-out/>
</testsuite> <!-- TestCases.Upload_File -->
