<?xml version="1.0" encoding="UTF-8"?>
<!-- Generated by org.testng.reporters.JUnitReportReporter -->
<testsuite hostname="DESKTOP-R4CIO73" failures="0" tests="3" name="TestCases.Add_an_element_to_cart_pay_check" time="153.585" errors="0" timestamp="2022-02-14T21:47:12 EET" skipped="0">
  <testcase classname="TestCases.Add_an_element_to_cart_pay_check" name="Adding_an_element_to_cart_chrome" time="46.676"/>
  <system-out/>
  <testcase classname="TestCases.Add_an_element_to_cart_pay_check" name="Adding_an_element_to_cart_Edge" time="53.393"/>
  <system-out/>
  <testcase classname="TestCases.Add_an_element_to_cart_pay_check" name="Adding_an_element_to_cart_firefox" time="53.516"/>
  <system-out/>
</testsuite> <!-- TestCases.Add_an_element_to_cart_pay_check -->
