<?xml version="1.0" encoding="UTF-8"?>
<!-- Generated by org.testng.reporters.JUnitReportReporter -->
<testsuite hostname="DESKTOP-R4CIO73" failures="0" tests="1" name="TestCases.adding_an_element_to_cart" time="33.364" errors="0" timestamp="2022-02-13T20:16:16 EET" skipped="0">
  <testcase classname="TestCases.adding_an_element_to_cart" name="Adding_an_element_to_cart_chrome" time="33.364"/>
  <system-out/>
</testsuite> <!-- TestCases.adding_an_element_to_cart -->
